#-----------------------------------------------------------
# Vivado v2020.2 (64-bit)
# SW Build 3064766 on Wed Nov 18 09:12:45 MST 2020
# IP Build 3064653 on Wed Nov 18 14:17:31 MST 2020
# Start of session at: Sat Dec 18 14:22:27 2021
# Process ID: 40624
# Current directory: E:/arch_labs_2021/lab6/Exp6 code4stu/Exp6
# Command line: vivado.exe -gui_launcher_event rodinguilauncherevent51180 E:\arch_labs_2021\lab6\Exp6 code4stu\Exp6\Exp6.xpr
# Log file: E:/arch_labs_2021/lab6/Exp6 code4stu/Exp6/vivado.log
# Journal file: E:/arch_labs_2021/lab6/Exp6 code4stu/Exp6\vivado.jou
#-----------------------------------------------------------
start_gui
open_project {E:/arch_labs_2021/lab6/Exp6 code4stu/Exp6/Exp6.xpr}
INFO: [Project 1-313] Project file moved from 'C:/Users/Zonghui Wang/Desktop/risc v/Code4Stu/Exp6' since last save.
CRITICAL WARNING: [Project 1-311] Could not find the file 'E:/arch_labs_2021/lab6/Exp6 code4stu/Exp6/Exp6.srcs/sources_1/ip/multiplier/multiplier.xci', nor could it be found using path 'C:/Users/Zonghui Wang/Desktop/risc v/Code4Stu/Exp6/Exp6.srcs/sources_1/ip/multiplier/multiplier.xci'.
CRITICAL WARNING: [Project 1-311] Could not find the file 'E:/arch_labs_2021/lab6/Exp6 code4stu/Exp6/Exp6.srcs/sources_1/ip/divider/divider.xci', nor could it be found using path 'C:/Users/Zonghui Wang/Desktop/risc v/Code4Stu/Exp6/Exp6.srcs/sources_1/ip/divider/divider.xci'.
Scanning sources...
Finished scanning sources
WARNING: [Project 1-509] GeneratedRun file for 'synth_1' not found
WARNING: [Project 1-509] GeneratedRun file for 'divider_synth_1' not found
WARNING: [Project 1-509] GeneratedRun file for 'impl_1' not found
ERROR: [IP_Flow 19-993] Could not find IP file for IP 'multiplier'.
CRITICAL WARNING: [IP_Flow 19-5097] Unable to determine VLNV from IP file; verify it has the correct syntax: 
ERROR: [IP_Flow 19-993] Could not find IP file for IP 'divider'.
CRITICAL WARNING: [IP_Flow 19-5097] Unable to determine VLNV from IP file; verify it has the correct syntax: 
INFO: [Project 1-230] Project 'Exp6.xpr' upgraded for this version of Vivado.
INFO: [IP_Flow 19-234] Refreshing IP repositories
INFO: [IP_Flow 19-1704] No user IP repositories specified
INFO: [IP_Flow 19-2313] Loaded Vivado IP repository 'E:/Xilinx/Vivado/2020.2/data/ip'.
open_project: Time (s): cpu = 00:00:15 ; elapsed = 00:00:08 . Memory (MB): peak = 1021.637 ; gain = 0.000
ERROR: [Common 17-39] 'open_project' failed due to earlier errors.
update_compile_order -fileset sources_1
create_ip -name mult_gen -vendor xilinx.com -library ip -version 12.0 -module_name multiplier
set_property -dict [list CONFIG.Component_Name {multiplier} CONFIG.PortAWidth {32} CONFIG.PortBWidth {32} CONFIG.OutputWidthHigh {63}] [get_ips multiplier]
WARNING: [Vivado 12-3523] Attempt to change 'Component_Name' from 'multiplier' to 'multiplier' is not allowed and is ignored.
generate_target {instantiation_template} [get_files {{E:/arch_labs_2021/lab6/Exp6 code4stu/Exp6/Exp6.srcs/sources_1/ip/multiplier/multiplier.xci}}]
WARNING: [Vivado 12-1783] Unsupported target specified: 'instantiation_template'. Supported targets for this IP are: 'all'. File: 'multiplier.xci'. 
ERROR: [Vivado 12-1773] No legal targets specified.  Supported targets for this IP are: all. File: 'multiplier.xci'.
ERROR: [Common 17-39] 'generate_target' failed due to earlier errors.
update_compile_order -fileset sources_1
create_ip -name div_gen -vendor xilinx.com -library ip -version 5.1 -module_name divider
set_property -dict [list CONFIG.Component_Name {divider} CONFIG.dividend_and_quotient_width {32} CONFIG.divisor_width {32} CONFIG.fractional_width {32} CONFIG.latency {36}] [get_ips divider]
WARNING: [Vivado 12-3523] Attempt to change 'Component_Name' from 'divider' to 'divider' is not allowed and is ignored.
generate_target {instantiation_template} [get_files {{e:/arch_labs_2021/lab6/Exp6 code4stu/Exp6/Exp6.srcs/sources_1/ip/divider/divider.xci}}]
INFO: [IP_Flow 19-1686] Generating 'Instantiation Template' target for IP 'divider'...
WARNING: [Vivado 12-1783] Unsupported target specified: 'instantiation_template'. Supported targets for this IP are: 'all'. File: 'divider.xci'. 
ERROR: [Vivado 12-1773] No legal targets specified.  Supported targets for this IP are: all. File: 'divider.xci'.
ERROR: [Common 17-39] 'generate_target' failed due to earlier errors.
update_compile_order -fileset sources_1
generate_target all [get_files {e:/arch_labs_2021/lab6/Exp6 code4stu/Exp6/Exp6.srcs/sources_1/ip/divider/divider.xci}]
WARNING: [Vivado 12-818] No files matched 'e:/arch_labs_2021/lab6/Exp6'
WARNING: [Vivado 12-818] No files matched 'code4stu/Exp6/Exp6.srcs/sources_1/ip/divider/divider.xci'
export_ip_user_files -of_objects [get_files {e:/arch_labs_2021/lab6/Exp6 code4stu/Exp6/Exp6.srcs/sources_1/ip/divider/divider.xci}] -no_script -sync -force -quiet
WARNING: [Vivado 12-818] No files matched 'e:/arch_labs_2021/lab6/Exp6'
WARNING: [Vivado 12-818] No files matched 'code4stu/Exp6/Exp6.srcs/sources_1/ip/divider/divider.xci'
export_simulation -of_objects [get_files {{e:/arch_labs_2021/lab6/Exp6 code4stu/Exp6/Exp6.srcs/sources_1/ip/divider/divider.xci}}] -directory {E:/arch_labs_2021/lab6/Exp6 code4stu/Exp6/Exp6.ip_user_files/sim_scripts} -ip_user_files_dir {E:/arch_labs_2021/lab6/Exp6 code4stu/Exp6/Exp6.ip_user_files} -ipstatic_source_dir {E:/arch_labs_2021/lab6/Exp6 code4stu/Exp6/Exp6.ip_user_files/ipstatic} -lib_map_path [list {modelsim=E:/arch_labs_2021/lab6/Exp6 code4stu/Exp6/Exp6.cache/compile_simlib/modelsim} {questa=E:/arch_labs_2021/lab6/Exp6 code4stu/Exp6/Exp6.cache/compile_simlib/questa} {riviera=E:/arch_labs_2021/lab6/Exp6 code4stu/Exp6/Exp6.cache/compile_simlib/riviera} {activehdl=E:/arch_labs_2021/lab6/Exp6 code4stu/Exp6/Exp6.cache/compile_simlib/activehdl}] -use_ip_compiled_libs -force -quiet
generate_target all [get_files {e:/arch_labs_2021/lab6/Exp6 code4stu/Exp6/Exp6.srcs/sources_1/ip/divider/divider.xci}]
WARNING: [Vivado 12-818] No files matched 'e:/arch_labs_2021/lab6/Exp6'
WARNING: [Vivado 12-818] No files matched 'code4stu/Exp6/Exp6.srcs/sources_1/ip/divider/divider.xci'
export_ip_user_files -of_objects [get_files {e:/arch_labs_2021/lab6/Exp6 code4stu/Exp6/Exp6.srcs/sources_1/ip/divider/divider.xci}] -no_script -sync -force -quiet
WARNING: [Vivado 12-818] No files matched 'e:/arch_labs_2021/lab6/Exp6'
WARNING: [Vivado 12-818] No files matched 'code4stu/Exp6/Exp6.srcs/sources_1/ip/divider/divider.xci'
export_simulation -of_objects [get_files {{e:/arch_labs_2021/lab6/Exp6 code4stu/Exp6/Exp6.srcs/sources_1/ip/divider/divider.xci}}] -directory {E:/arch_labs_2021/lab6/Exp6 code4stu/Exp6/Exp6.ip_user_files/sim_scripts} -ip_user_files_dir {E:/arch_labs_2021/lab6/Exp6 code4stu/Exp6/Exp6.ip_user_files} -ipstatic_source_dir {E:/arch_labs_2021/lab6/Exp6 code4stu/Exp6/Exp6.ip_user_files/ipstatic} -lib_map_path [list {modelsim=E:/arch_labs_2021/lab6/Exp6 code4stu/Exp6/Exp6.cache/compile_simlib/modelsim} {questa=E:/arch_labs_2021/lab6/Exp6 code4stu/Exp6/Exp6.cache/compile_simlib/questa} {riviera=E:/arch_labs_2021/lab6/Exp6 code4stu/Exp6/Exp6.cache/compile_simlib/riviera} {activehdl=E:/arch_labs_2021/lab6/Exp6 code4stu/Exp6/Exp6.cache/compile_simlib/activehdl}] -use_ip_compiled_libs -force -quiet
exit
INFO: [Common 17-206] Exiting Vivado at Sat Dec 18 18:39:24 2021...
