#-----------------------------------------------------------
# Vivado v2020.2 (64-bit)
# SW Build 3064766 on Wed Nov 18 09:12:45 MST 2020
# IP Build 3064653 on Wed Nov 18 14:17:31 MST 2020
# Start of session at: Sun Dec 19 20:49:51 2021
# Process ID: 62716
# Current directory: E:/arch_labs_2021/lab6/Exp6
# Command line: vivado.exe -gui_launcher_event rodinguilauncherevent57288 E:\arch_labs_2021\lab6\Exp6\Exp6.xpr
# Log file: E:/arch_labs_2021/lab6/Exp6/vivado.log
# Journal file: E:/arch_labs_2021/lab6/Exp6\vivado.jou
#-----------------------------------------------------------
start_gui
open_project E:/arch_labs_2021/lab6/Exp6/Exp6.xpr
Scanning sources...
Finished scanning sources
INFO: [IP_Flow 19-234] Refreshing IP repositories
INFO: [IP_Flow 19-1704] No user IP repositories specified
INFO: [IP_Flow 19-2313] Loaded Vivado IP repository 'E:/Xilinx/Vivado/2020.2/data/ip'.
open_project: Time (s): cpu = 00:00:15 ; elapsed = 00:00:08 . Memory (MB): peak = 1022.090 ; gain = 0.000
update_compile_order -fileset sources_1
reset_run synth_1
launch_runs impl_1 -to_step write_bitstream -jobs 4
[Sun Dec 19 20:50:41 2021] Launched synth_1...
Run output will be captured here: E:/arch_labs_2021/lab6/Exp6/Exp6.runs/synth_1/runme.log
[Sun Dec 19 20:50:41 2021] Launched impl_1...
Run output will be captured here: E:/arch_labs_2021/lab6/Exp6/Exp6.runs/impl_1/runme.log
exit
INFO: [Common 17-206] Exiting Vivado at Sun Dec 19 22:37:08 2021...
