#-----------------------------------------------------------
# Vivado v2020.2 (64-bit)
# SW Build 3064766 on Wed Nov 18 09:12:45 MST 2020
# IP Build 3064653 on Wed Nov 18 14:17:31 MST 2020
# Start of session at: Sat Dec 11 19:43:55 2021
# Process ID: 20688
# Current directory: E:/arch_labs_2021/lab6/Exp6
# Command line: vivado.exe -gui_launcher_event rodinguilauncherevent16704 E:\arch_labs_2021\lab6\Exp6\Exp6.xpr
# Log file: E:/arch_labs_2021/lab6/Exp6/vivado.log
# Journal file: E:/arch_labs_2021/lab6/Exp6\vivado.jou
#-----------------------------------------------------------
start_gui
exit
INFO: [Common 17-206] Exiting Vivado at Sat Dec 11 19:44:18 2021...
roject file moved from 'C:/Users/Zonghui Wang/Desktop/risc v/Code4Stu/Exp6' since last save.
CRITICAL WARNING: [Project 1-311] Could not find the file 'E:/arch_labs_2021/lab6/Exp6/Exp6.srcs/sources_1/ip/multiplier/multiplier.xci', nor could it be found using path 'C:/Users/Zonghui Wang/Desktop/risc v/Code4Stu/Exp6/Exp6.srcs/sources_1/ip/multiplier/multiplier.xci'.
CRITICAL WARNING: [Project 1-311] Could not find the file 'E:/arch_labs_2021/lab6/Exp6/Exp6.srcs/sources_1/ip/divider/divider.xci', nor could it be found using path 'C:/Users/Zonghui Wang/Desktop/risc v/Code4Stu/Exp6/Exp6.srcs/sources_1/ip/divider/divider.xci'.
Scanning sources...
Finished scanning sources
WARNING: [Project 1-509] GeneratedRun file for 'synth_1' not found
WARNING: [Project 1-509] GeneratedRun file for 'divider_synth_1' not found
WARNING: [Project 1-509] GeneratedRun file for 'impl_1' not found
ERROR: [IP_Flow 19-993] Could not find IP file for IP 'multiplier'.
CRITICAL WARNING: [IP_Flow 19-5097] Unable to determine VLNV from IP file; verify it has the correct syntax: 
ERROR: [IP_Flow 19-993] Could not find IP file for IP 'divider'.
CRITICAL WARNING: [IP_Flow 19-5097] Unable to determine VLNV from IP file; verify it has the correct syntax: 
INFO: [Project 1-230] Project 'Exp6.xpr' upgraded for this version of Vivado.
INFO: [IP_Flow 19-234] Refreshing IP repositories
INFO: [IP_Flow 19-1704] No user IP repositories specified
INFO: [IP_Flow 19-2313] Loaded Vivado IP repository 'E:/Xilinx/Vivado/2020.2/data/ip'.
open_project: Time (s): cpu = 00:00:14 ; elapsed = 00:00:11 . Memory (MB): peak = 1022.023 ; gain = 0.000
ERROR: [Common 17-39] 'open_project' failed due to earlier errors.
update_compile_order -fileset sources_1
exit
INFO: [Common 17-206] Exiting Vivado at Sat Dec 11 19:45:18 2021...
