Copyright 1986-2020 Xilinx, Inc. All Rights Reserved.
------------------------------------------------------------------------------------
| Tool Version : Vivado v.2020.2 (win64) Build 3064766 Wed Nov 18 09:12:45 MST 2020
| Date         : Sun Dec 19 20:56:42 2021
| Host         : DESKTOP-FTNKO2C running 64-bit major release  (build 9200)
| Command      : report_control_sets -verbose -file top_control_sets_placed.rpt
| Design       : top
| Device       : xc7k325t
------------------------------------------------------------------------------------

Control Set Information

Table of Contents
-----------------
1. Summary
2. Histogram
3. Flip-Flop Distribution
4. Detailed Control Set Information

1. Summary
----------

+----------------------------------------------------------+-------+
|                          Status                          | Count |
+----------------------------------------------------------+-------+
| Total control sets                                       |    83 |
|    Minimum number of control sets                        |    83 |
|    Addition due to synthesis replication                 |     0 |
|    Addition due to physical synthesis replication        |     0 |
| Unused register locations in slices containing registers |   136 |
+----------------------------------------------------------+-------+
* Control sets can be merged at opt_design using control_set_merge or merge_equivalent_drivers
** Run report_qor_suggestions for automated merging and remapping suggestions


2. Histogram
------------

+--------------------+-------+
|       Fanout       | Count |
+--------------------+-------+
| Total control sets |    83 |
| >= 0 to < 4        |     0 |
| >= 4 to < 6        |     5 |
| >= 6 to < 8        |     4 |
| >= 8 to < 10       |     0 |
| >= 10 to < 12      |     3 |
| >= 12 to < 14      |     3 |
| >= 14 to < 16      |     2 |
| >= 16              |    66 |
+--------------------+-------+
* Control sets can be remapped at either synth_design or opt_design


3. Flip-Flop Distribution
-------------------------

+--------------+-----------------------+------------------------+-----------------+--------------+
| Clock Enable | Synchronous Set/Reset | Asynchronous Set/Reset | Total Registers | Total Slices |
+--------------+-----------------------+------------------------+-----------------+--------------+
| No           | No                    | No                     |            3317 |          615 |
| No           | No                    | Yes                    |             113 |           55 |
| No           | Yes                   | No                     |              75 |           30 |
| Yes          | No                    | No                     |            1696 |          742 |
| Yes          | No                    | Yes                    |            1441 |          603 |
| Yes          | Yes                   | No                     |              54 |           15 |
+--------------+-----------------------+------------------------+-----------------+--------------+


4. Detailed Control Set Information
-----------------------------------

+-------------------+------------------------------------------+----------------------------------+------------------+----------------+--------------+
|    Clock Signal   |               Enable Signal              |         Set/Reset Signal         | Slice Load Count | Bel Load Count | Bels / Slice |
+-------------------+------------------------------------------+----------------------------------+------------------+----------------+--------------+
|  CLK_GEN/CLK_OUT3 | DISPLAY/P2S_LED/data_count[3]_i_1__0_n_0 | rst_all                          |                1 |              4 |         4.00 |
|  debug_clk        | core/A0                                  | core/ctrl/state_reg              |                2 |              4 |         2.00 |
|  CLK_GEN/CLK_OUT3 | BTN_SCAN/p_0_in                          |                                  |                1 |              5 |         5.00 |
|  CLK_GEN/CLK_OUT1 |                                          | vga/U12/v_count_reg[8]_0         |                2 |              5 |         2.50 |
|  debug_clk        | core/A0                                  | core/ctrl/state_reg_0            |                4 |              5 |         1.25 |
|  CLK_GEN/CLK_OUT3 | DISPLAY/P2S_SEG/next_data_count          | rst_all                          |                2 |              6 |         3.00 |
|  CLK_GEN/CLK_OUT3 | DISPLAY/P2S_LED/buff_0                   | DISPLAY/P2S_LED/buff[16]_i_1_n_0 |                1 |              7 |         7.00 |
|  CLK_GEN/CLK_OUT1 | vga/U12/E[0]                             |                                  |                6 |              7 |         1.17 |
|  debug_clk        |                                          | core/mu/state[6]_i_1_n_0         |                1 |              7 |         7.00 |
|  CLK_GEN/CLK_OUT3 |                                          | vga/U12/h_count[9]_i_1_n_0       |                6 |             10 |         1.67 |
|  CLK_GEN/CLK_OUT3 | DISPLAY/P2S_LED/buff_0                   |                                  |                4 |             10 |         2.50 |
|  CLK_GEN/CLK_OUT3 | vga/U12/v_count                          |                                  |                3 |             10 |         3.33 |
|  CLK_GEN/CLK_OUT3 |                                          | vga/U12/rdn_reg_n_0              |                4 |             12 |         3.00 |
|  CLK_GEN/CLK_OUT3 | DISPLAY/P2S_SEG/buff                     | DISPLAY/P2S_SEG/buff[64]_i_1_n_0 |                3 |             13 |         4.33 |
|  CLK_GEN/CLK_OUT1 |                                          | vga/U12/v_count_reg[8]_18        |                7 |             13 |         1.86 |
|  CLK_GEN/CLK_OUT3 | DISPLAY/P2S_SEG/buff                     |                                  |                3 |             14 |         4.67 |
|  CLK_GEN/CLK_OUT3 | DISPLAY/P2S_SEG/buff                     | DISPLAY/P2S_SEG/buff[63]_i_1_n_0 |                2 |             15 |         7.50 |
|  CLK_GEN/CLK_OUT4 |                                          |                                  |                5 |             17 |         3.40 |
|  debug_clk        | core/ctrl/FUS[3][26]_i_1_n_0             | rst_all                          |               10 |             22 |         2.20 |
|  debug_clk        | core/ctrl/FUS[4][26]_i_1_n_0             | rst_all                          |                8 |             22 |         2.75 |
|  debug_clk        | core/reg_IF_IS/IR_IS_reg[2]_1[0]         | rst_all                          |                9 |             25 |         2.78 |
|  debug_clk        | core/reg_IF_IS/IR_IS_reg[13]_2[0]        | rst_all                          |               10 |             25 |         2.50 |
|  debug_clk        | core/reg_IF_IS/IR_IS_reg[5]_1[0]         | rst_all                          |               11 |             25 |         2.27 |
|  CLK_GEN/CLK_OUT3 |                                          |                                  |               11 |             26 |         2.36 |
|  debug_clk        | core/ctrl/FUS[2][26]_i_1_n_0             | rst_all                          |               10 |             26 |         2.60 |
|  debug_clk        | core/ctrl/FUS[1][26]_i_1_n_0             | rst_all                          |               13 |             27 |         2.08 |
|  debug_clk        | core/ctrl/FUS[5][26]_i_1_n_0             | rst_all                          |               10 |             27 |         2.70 |
|  CLK_GEN/CLK_OUT3 |                                          | rst_all                          |               10 |             28 |         2.80 |
|  CLK_GEN/CLK_OUT1 |                                          |                                  |               22 |             31 |         1.41 |
| ~debug_clk        | core/ctrl/FUS_reg[1][7]_12[0]            | rst_all                          |               11 |             32 |         2.91 |
| ~CLK_GEN/CLK_OUT1 | vga/U12/h_count_reg[3]_0[0]              |                                  |               17 |             32 |         1.88 |
| ~CLK_GEN/CLK_OUT1 | vga/U12/h_count_reg[3]_2[0]              |                                  |               14 |             32 |         2.29 |
| ~CLK_GEN/CLK_OUT1 | vga/U12/h_count_reg[3]_1[0]              |                                  |               19 |             32 |         1.68 |
| ~CLK_GEN/CLK_OUT1 | vga/U12/h_count_reg[3]_4[0]              |                                  |               17 |             32 |         1.88 |
| ~CLK_GEN/CLK_OUT1 | vga/U12/h_count_reg[3]_3[0]              |                                  |               18 |             32 |         1.78 |
| ~debug_clk        | core/ctrl/FUS_reg[1][7]_14[0]            | rst_all                          |               16 |             32 |         2.00 |
|  debug_clk        | core/mem/E[0]                            | rst_all                          |               14 |             32 |         2.29 |
|  debug_clk        | core/du/E[0]                             | rst_all                          |               13 |             32 |         2.46 |
|  debug_clk        | core/ju/finish                           | rst_all                          |                9 |             32 |         3.56 |
|  debug_clk        | core/ctrl/IS_flush_reg_0[0]              | rst_all                          |               10 |             32 |         3.20 |
|  debug_clk        | core/alu/FU_ALU_finish                   | rst_all                          |               17 |             32 |         1.88 |
|  debug_clk        | core/mu/Q[0]                             | rst_all                          |               13 |             32 |         2.46 |
|  debug_clk        | core/reg_IF_IS/rst_all_reg_0[0]          |                                  |               14 |             32 |         2.29 |
|  debug_clk        | core/reg_IF_IS/rst_all_reg[0]            |                                  |               16 |             32 |         2.00 |
| ~debug_clk        | core/ctrl/FUS_reg[1][7]_1[0]             | rst_all                          |               14 |             32 |         2.29 |
| ~debug_clk        | core/ctrl/FUS_reg[1][7]_0[0]             | rst_all                          |               13 |             32 |         2.46 |
| ~debug_clk        | core/ctrl/FUS_reg[1][7]_10[0]            | rst_all                          |               14 |             32 |         2.29 |
| ~debug_clk        | core/ctrl/FUS_reg[1][7]_11[0]            | rst_all                          |               13 |             32 |         2.46 |
| ~debug_clk        | core/ctrl/FUS_reg[1][7]_25[0]            | rst_all                          |               14 |             32 |         2.29 |
| ~debug_clk        | core/ctrl/FUS_reg[1][7]_26[0]            | rst_all                          |               14 |             32 |         2.29 |
| ~debug_clk        | core/ctrl/FUS_reg[1][7]_29[0]            | rst_all                          |               15 |             32 |         2.13 |
| ~debug_clk        | core/ctrl/FUS_reg[1][7]_2[0]             | rst_all                          |               12 |             32 |         2.67 |
| ~debug_clk        | core/ctrl/FUS_reg[1][7]_22[0]            | rst_all                          |               15 |             32 |         2.13 |
| ~debug_clk        | core/ctrl/FUS_reg[1][7]_4[0]             | rst_all                          |               16 |             32 |         2.00 |
| ~debug_clk        | core/ctrl/FUS_reg[1][7]_13[0]            | rst_all                          |               10 |             32 |         3.20 |
| ~debug_clk        | core/ctrl/FUS_reg[1][7]_5[0]             | rst_all                          |               13 |             32 |         2.46 |
| ~debug_clk        | core/ctrl/FUS_reg[1][7]_27[0]            | rst_all                          |               15 |             32 |         2.13 |
| ~debug_clk        | core/ctrl/FUS_reg[1][7]_6[0]             | rst_all                          |               11 |             32 |         2.91 |
| ~debug_clk        | core/ctrl/FUS_reg[1][7]_9[0]             | rst_all                          |               12 |             32 |         2.67 |
| ~debug_clk        | core/ctrl/FUS_reg[1][7]_28[0]            | rst_all                          |               15 |             32 |         2.13 |
| ~debug_clk        | core/ctrl/FUS_reg[1][7]_18[0]            | rst_all                          |               15 |             32 |         2.13 |
| ~debug_clk        | core/ctrl/FUS_reg[1][7]_17[0]            | rst_all                          |               13 |             32 |         2.46 |
| ~debug_clk        | core/ctrl/FUS_reg[1][7]_30[0]            | rst_all                          |               13 |             32 |         2.46 |
| ~debug_clk        | core/ctrl/FUS_reg[1][7]_3[0]             | rst_all                          |               15 |             32 |         2.13 |
| ~debug_clk        | core/ctrl/FUS_reg[1][7]_23[0]            | rst_all                          |               13 |             32 |         2.46 |
| ~debug_clk        | core/ctrl/FUS_reg[1][7]_8[0]             | rst_all                          |               14 |             32 |         2.29 |
| ~debug_clk        | core/ctrl/FUS_reg[1][7]_15[0]            | rst_all                          |               11 |             32 |         2.91 |
| ~debug_clk        | core/ctrl/FUS_reg[1][7]_20[0]            | rst_all                          |               17 |             32 |         1.88 |
| ~debug_clk        | core/ctrl/FUS_reg[1][7]_19[0]            | rst_all                          |               13 |             32 |         2.46 |
| ~debug_clk        | core/ctrl/FUS_reg[1][7]_24[0]            | rst_all                          |               14 |             32 |         2.29 |
| ~debug_clk        | core/ctrl/FUS_reg[1][7]_16[0]            | rst_all                          |               11 |             32 |         2.91 |
| ~debug_clk        | core/ctrl/FUS_reg[1][7]_21[0]            | rst_all                          |               15 |             32 |         2.13 |
| ~debug_clk        | core/ctrl/FUS_reg[1][7]_7[0]             | rst_all                          |               12 |             32 |         2.67 |
|  CLK_GEN/CLK_OUT1 | vga/U12/should_latch_debug_data          |                                  |                6 |             48 |         8.00 |
|  debug_clk        | core/ctrl/E[0]                           | rst_all                          |               27 |             58 |         2.15 |
|  debug_clk        | core/A0                                  |                                  |               17 |             59 |         3.47 |
|  debug_clk        | core/mu/state[6]_i_1_n_0                 |                                  |               24 |             64 |         2.67 |
|  debug_clk        | core/ctrl/FUS_reg[5][28]_0[0]            |                                  |               18 |             64 |         3.56 |
|  debug_clk        | core/mem/i_/i__n_0                       |                                  |               49 |             96 |         1.96 |
|  debug_clk        |                                          | rst_all                          |               55 |            113 |         2.05 |
|  debug_clk        | core/rs2_data_reg[31]_i_1__0_n_0         |                                  |               38 |            126 |         3.32 |
| ~debug_clk        | core/mem/add/E[0]                        |                                  |              464 |           1024 |         2.21 |
|  debug_clk        |                                          |                                  |              577 |           3249 |         5.63 |
+-------------------+------------------------------------------+----------------------------------+------------------+----------------+--------------+


