#-----------------------------------------------------------
# Vivado v2020.2 (64-bit)
# SW Build 3064766 on Wed Nov 18 09:12:45 MST 2020
# IP Build 3064653 on Wed Nov 18 14:17:31 MST 2020
# Start of session at: Sun Oct 31 21:25:40 2021
# Process ID: 16112
# Current directory: E:/arch_labs_2021/lab3/Exp3/Exp3
# Command line: vivado.exe -gui_launcher_event rodinguilauncherevent15396 E:\arch_labs_2021\lab3\Exp3\Exp3\Exp3.xpr
# Log file: E:/arch_labs_2021/lab3/Exp3/Exp3/vivado.log
# Journal file: E:/arch_labs_2021/lab3/Exp3/Exp3\vivado.jou
#-----------------------------------------------------------
start_gui
open_project E:/arch_labs_2021/lab3/Exp3/Exp3/Exp3.xpr
INFO: [Project 1-313] Project file moved from 'C:/Users/Zonghui Wang/Desktop/risc v/Code4Teach/Exp3' since last save.
Scanning sources...
Finished scanning sources
INFO: [Project 1-230] Project 'Exp3.xpr' upgraded for this version of Vivado.
INFO: [IP_Flow 19-234] Refreshing IP repositories
INFO: [IP_Flow 19-1704] No user IP repositories specified
INFO: [IP_Flow 19-2313] Loaded Vivado IP repository 'E:/Xilinx/Vivado/2020.2/data/ip'.
open_project: Time (s): cpu = 00:00:13 ; elapsed = 00:00:08 . Memory (MB): peak = 1022.582 ; gain = 0.000
update_compile_order -fileset sources_1
exit
INFO: [Common 17-206] Exiting Vivado at Sun Oct 31 21:30:57 2021...
