#-----------------------------------------------------------
# Vivado v2020.2 (64-bit)
# SW Build 3064766 on Wed Nov 18 09:12:45 MST 2020
# IP Build 3064653 on Wed Nov 18 14:17:31 MST 2020
# Start of session at: Sun Dec 12 09:56:32 2021
# Process ID: 4932
# Current directory: E:/arch_labs_2021/lab4/Exp4/Exp4
# Command line: vivado.exe -gui_launcher_event rodinguilauncherevent12148 E:\arch_labs_2021\lab4\Exp4\Exp4\Exp4.xpr
# Log file: E:/arch_labs_2021/lab4/Exp4/Exp4/vivado.log
# Journal file: E:/arch_labs_2021/lab4/Exp4/Exp4\vivado.jou
#-----------------------------------------------------------
start_gui
open_project E:/arch_labs_2021/lab4/Exp4/Exp4/Exp4.xpr
Scanning sources...
Finished scanning sources
INFO: [IP_Flow 19-234] Refreshing IP repositories
INFO: [IP_Flow 19-1704] No user IP repositories specified
INFO: [IP_Flow 19-2313] Loaded Vivado IP repository 'E:/Xilinx/Vivado/2020.2/data/ip'.
WARNING: [IP_Flow 19-2162] IP 'ROM_D' is locked:
* IP definition 'Distributed Memory Generator (8.0)' for IP 'ROM_D' (customized with software release 2018.2) has a different revision in the IP Catalog.
open_project: Time (s): cpu = 00:00:16 ; elapsed = 00:00:07 . Memory (MB): peak = 1022.406 ; gain = 0.000
update_compile_order -fileset sources_1
exit
INFO: [Common 17-206] Exiting Vivado at Sun Dec 12 09:58:24 2021...
