
*** Running vivado
    with args -log top.vds -m64 -product Vivado -mode batch -messageDb vivado.pb -notrace -source top.tcl



****** Vivado v2020.2 (64-bit)
  **** SW Build 3064766 on Wed Nov 18 09:12:45 MST 2020
  **** IP Build 3064653 on Wed Nov 18 14:17:31 MST 2020
    ** Copyright 1986-2020 Xilinx, Inc. All Rights Reserved.

source top.tcl -notrace
Command: synth_design -top top -part xc7k325tlffg676-2L
Starting synth_design
Attempting to get a license for feature 'Synthesis' and/or device 'xc7k325tl'
INFO: [Common 17-349] Got license for feature 'Synthesis' and/or device 'xc7k325tl'
INFO: [Device 21-403] Loading part xc7k325tlffg676-2L
INFO: [Synth 8-7079] Multithreading enabled for synth_design using a maximum of 2 processes.
INFO: [Synth 8-7078] Launching helper process for spawning children vivado processes
INFO: [Synth 8-7075] Helper process launched with PID 20980
ERROR: [Synth 8-2715] syntax error near the [E:/arch_labs_2021/lab2/Exp2/Exp2/code/core/ExceptionUnit.v:50]
ERROR: [Synth 8-2715] syntax error near end [E:/arch_labs_2021/lab2/Exp2/Exp2/code/core/ExceptionUnit.v:70]
INFO: [Synth 8-2350] module ExceptionUnit ignored due to previous errors [E:/arch_labs_2021/lab2/Exp2/Exp2/code/core/ExceptionUnit.v:3]
Failed to read verilog 'E:/arch_labs_2021/lab2/Exp2/Exp2/code/core/ExceptionUnit.v'
INFO: [Common 17-83] Releasing license: Synthesis
7 Infos, 0 Warnings, 0 Critical Warnings and 3 Errors encountered.
synth_design failed
ERROR: [Common 17-69] Command failed: Synthesis failed - please see the console or run log file for details
INFO: [Common 17-206] Exiting Vivado at Fri Oct 15 17:16:05 2021...
