#-----------------------------------------------------------
# Vivado v2020.2 (64-bit)
# SW Build 3064766 on Wed Nov 18 09:12:45 MST 2020
# IP Build 3064653 on Wed Nov 18 14:17:31 MST 2020
# Start of session at: Sun Dec 12 08:05:18 2021
# Process ID: 8228
# Current directory: E:/arch_labs_2021/lab5/Exp5/Exp5
# Command line: vivado.exe -gui_launcher_event rodinguilauncherevent5896 E:\arch_labs_2021\lab5\Exp5\Exp5\Exp5.xpr
# Log file: E:/arch_labs_2021/lab5/Exp5/Exp5/vivado.log
# Journal file: E:/arch_labs_2021/lab5/Exp5/Exp5\vivado.jou
#-----------------------------------------------------------
start_gui
open_project E:/arch_labs_2021/lab5/Exp5/Exp5/Exp5.xpr
Scanning sources...
Finished scanning sources
INFO: [IP_Flow 19-234] Refreshing IP repositories
INFO: [IP_Flow 19-1704] No user IP repositories specified
INFO: [IP_Flow 19-2313] Loaded Vivado IP repository 'E:/Xilinx/Vivado/2020.2/data/ip'.
WARNING: [IP_Flow 19-2162] IP 'multiplier' is locked:
* IP definition 'Multiplier (12.0)' for IP 'multiplier' (customized with software release 2018.2) has a different revision in the IP Catalog.
WARNING: [IP_Flow 19-2162] IP 'divider' is locked:
* IP definition 'Divider Generator (5.1)' for IP 'divider' (customized with software release 2018.2) has a different revision in the IP Catalog.
open_project: Time (s): cpu = 00:00:16 ; elapsed = 00:00:08 . Memory (MB): peak = 1021.082 ; gain = 0.000
update_compile_order -fileset sources_1
reset_run synth_1
reset_run multiplier_synth_1
reset_run divider_synth_1
launch_runs impl_1 -to_step write_bitstream -jobs 4
WARNING: [Project 1-577] IP run multiplier_synth_1 is available but is out of date. Since the IP is locked, the synthesis checkpoint cannot be updated. The out-of-date checkpoint will be used and it may result in incorrect behavior.
Please select 'Report IP Status' from the 'Tools/Report' menu or run the Tcl command 'report_ip_status' for more information.
WARNING: [Project 1-577] IP run divider_synth_1 is available but is out of date. Since the IP is locked, the synthesis checkpoint cannot be updated. The out-of-date checkpoint will be used and it may result in incorrect behavior.
Please select 'Report IP Status' from the 'Tools/Report' menu or run the Tcl command 'report_ip_status' for more information.
WARNING: [Runs 36-337] The following IPs are either missing output products or output products are not up-to-date for Synthesis target. Since these IPs are locked, no update to the output products can be done. 
Please select 'Report IP Status' from the 'Tools/Report' menu or run Tcl command 'report_ip_status' for more information.
E:/arch_labs_2021/lab5/Exp5/Exp5/Exp5.srcs/sources_1/ip/multiplier/multiplier.xci

WARNING: [Runs 36-337] The following IPs are either missing output products or output products are not up-to-date for Synthesis target. Since these IPs are locked, no update to the output products can be done. 
Please select 'Report IP Status' from the 'Tools/Report' menu or run Tcl command 'report_ip_status' for more information.
E:/arch_labs_2021/lab5/Exp5/Exp5/Exp5.srcs/sources_1/ip/divider/divider.xci

WARNING: [Project 1-576] IP 'E:/arch_labs_2021/lab5/Exp5/Exp5/Exp5.srcs/sources_1/ip/multiplier/multiplier.xci' in run multiplier_synth_1 is locked, no out-of-context (OOC) run will be launched. The run may not be able to complete.
Please select 'Report IP Status' from 'Tools/Report' or run the Tcl command 'report_ip_status' for more information.
WARNING: [Project 1-576] IP 'E:/arch_labs_2021/lab5/Exp5/Exp5/Exp5.srcs/sources_1/ip/divider/divider.xci' in run divider_synth_1 is locked, no out-of-context (OOC) run will be launched. The run may not be able to complete.
Please select 'Report IP Status' from 'Tools/Report' or run the Tcl command 'report_ip_status' for more information.
[Sun Dec 12 08:06:45 2021] Launched multiplier_synth_1, divider_synth_1, synth_1...
Run output will be captured here:
multiplier_synth_1: E:/arch_labs_2021/lab5/Exp5/Exp5/Exp5.runs/multiplier_synth_1/runme.log
divider_synth_1: E:/arch_labs_2021/lab5/Exp5/Exp5/Exp5.runs/divider_synth_1/runme.log
synth_1: E:/arch_labs_2021/lab5/Exp5/Exp5/Exp5.runs/synth_1/runme.log
[Sun Dec 12 08:06:46 2021] Launched impl_1...
Run output will be captured here: E:/arch_labs_2021/lab5/Exp5/Exp5/Exp5.runs/impl_1/runme.log
add_files -fileset constrs_1 -norecurse E:/arch_labs_2021/lab5/Exp5/Exp5/code/constraint.xdc
reset_run synth_1
launch_runs impl_1 -to_step write_bitstream -jobs 4
[Sun Dec 12 09:58:10 2021] Launched synth_1...
Run output will be captured here: E:/arch_labs_2021/lab5/Exp5/Exp5/Exp5.runs/synth_1/runme.log
[Sun Dec 12 09:58:10 2021] Launched impl_1...
Run output will be captured here: E:/arch_labs_2021/lab5/Exp5/Exp5/Exp5.runs/impl_1/runme.log
exit
INFO: [Common 17-206] Exiting Vivado at Sun Dec 12 10:19:09 2021...
