#-----------------------------------------------------------
# Vivado v2020.2 (64-bit)
# SW Build 3064766 on Wed Nov 18 09:12:45 MST 2020
# IP Build 3064653 on Wed Nov 18 14:17:31 MST 2020
# Start of session at: Sun Oct 31 15:06:04 2021
# Process ID: 13000
# Current directory: E:/arch_labs_2021/lab2/Exp2/Exp2
# Command line: vivado.exe -gui_launcher_event rodinguilauncherevent11820 E:\arch_labs_2021\lab2\Exp2\Exp2\Exp2.xpr
# Log file: E:/arch_labs_2021/lab2/Exp2/Exp2/vivado.log
# Journal file: E:/arch_labs_2021/lab2/Exp2/Exp2\vivado.jou
#-----------------------------------------------------------
start_gui
open_project E:/arch_labs_2021/lab2/Exp2/Exp2/Exp2.xpr
Scanning sources...
Finished scanning sources
INFO: [IP_Flow 19-234] Refreshing IP repositories
INFO: [IP_Flow 19-1704] No user IP repositories specified
INFO: [IP_Flow 19-2313] Loaded Vivado IP repository 'E:/Xilinx/Vivado/2020.2/data/ip'.
open_project: Time (s): cpu = 00:00:15 ; elapsed = 00:00:08 . Memory (MB): peak = 1022.070 ; gain = 0.000
update_compile_order -fileset sources_1
launch_runs impl_1 -to_step write_bitstream -jobs 4
[Sun Oct 31 15:40:27 2021] Launched impl_1...
Run output will be captured here: E:/arch_labs_2021/lab2/Exp2/Exp2/Exp2.runs/impl_1/runme.log
exit
INFO: [Common 17-206] Exiting Vivado at Sun Oct 31 15:49:24 2021...
