#-----------------------------------------------------------
# Vivado v2020.2 (64-bit)
# SW Build 3064766 on Wed Nov 18 09:12:45 MST 2020
# IP Build 3064653 on Wed Nov 18 14:17:31 MST 2020
# Start of session at: Sat Sep 18 08:32:12 2021
# Process ID: 20936
# Current directory: E:/arch_labs_2021/lab1/Exp1/Exp1
# Command line: vivado.exe -gui_launcher_event rodinguilauncherevent2748 E:\arch_labs_2021\lab1\Exp1\Exp1\Exp1.xpr
# Log file: E:/arch_labs_2021/lab1/Exp1/Exp1/vivado.log
# Journal file: E:/arch_labs_2021/lab1/Exp1/Exp1\vivado.jou
#-----------------------------------------------------------
start_gui
open_project E:/arch_labs_2021/lab1/Exp1/Exp1/Exp1.xpr
INFO: [Project 1-313] Project file moved from 'E:/arch_lab/lab1/Exp1/Exp1' since last save.
Scanning sources...
Finished scanning sources
INFO: [IP_Flow 19-234] Refreshing IP repositories
INFO: [IP_Flow 19-1704] No user IP repositories specified
INFO: [IP_Flow 19-2313] Loaded Vivado IP repository 'E:/Xilinx/Vivado/2020.2/data/ip'.
open_project: Time (s): cpu = 00:00:12 ; elapsed = 00:00:06 . Memory (MB): peak = 1014.457 ; gain = 0.000
update_compile_order -fileset sources_1
exit
INFO: [Common 17-206] Exiting Vivado at Sat Sep 18 10:17:11 2021...
