#-----------------------------------------------------------
# Vivado v2020.2 (64-bit)
# SW Build 3064766 on Wed Nov 18 09:12:45 MST 2020
# IP Build 3064653 on Wed Nov 18 14:17:31 MST 2020
# Start of session at: Sat Sep 18 08:08:48 2021
# Process ID: 13944
# Current directory: E:/arch_lab/lab1/Exp1/Exp1
# Command line: vivado.exe -gui_launcher_event rodinguilauncherevent10152 E:\arch_lab\lab1\Exp1\Exp1\Exp1.xpr
# Log file: E:/arch_lab/lab1/Exp1/Exp1/vivado.log
# Journal file: E:/arch_lab/lab1/Exp1/Exp1\vivado.jou
#-----------------------------------------------------------
start_gui
open_project -part xc7k70tfbv676-1 E:/arch_lab/lab1/Exp1/Exp1/Exp1.xpr
INFO: [Project 1-313] Project file moved from 'C:/Users/Zonghui Wang/Desktop/risc v/code/Exp1' since last save.
INFO: [Project 1-563] Overriding project part, 'xc7k325tffg676-2L', with new part: 'xc7k70tfbv676-1'.
Scanning sources...
Finished scanning sources
INFO: [Project 1-573] Overriding 'synth_1' run's part, 'xc7k325tffg676-2L', with new part: 'xc7k70tfbv676-1'.
INFO: [Project 1-573] Overriding 'impl_1' run's part, 'xc7k325tffg676-2L', with new part: 'xc7k70tfbv676-1'.
INFO: [IP_Flow 19-234] Refreshing IP repositories
INFO: [IP_Flow 19-1704] No user IP repositories specified
INFO: [IP_Flow 19-2313] Loaded Vivado IP repository 'E:/Xilinx/Vivado/2020.2/data/ip'.
open_project: Time (s): cpu = 00:00:13 ; elapsed = 00:00:06 . Memory (MB): peak = 1015.180 ; gain = 0.000
update_compile_order -fileset sources_1
